<?xml version="1.0" encoding="UTF-8"?>
<testng-results skipped="0" failed="0" ignored="0" total="1" passed="1">
  <reporter-output>
  </reporter-output>
  <suite name="Default suite" duration-ms="6338" started-at="2022-09-19T14:01:57Z" finished-at="2022-09-19T14:02:03Z">
    <groups>
      <group name="cucumber">
        <method signature="AbstractTestNGCucumberTests.runScenario(io.cucumber.testng.PickleWrapper, io.cucumber.testng.FeatureWrapper)[pri:0, instance:com.TestRunner.TestRunner@73846619]" name="runScenario" class="io.cucumber.testng.AbstractTestNGCucumberTests"/>
      </group> <!-- cucumber -->
    </groups>
    <test name="Default test" duration-ms="6338" started-at="2022-09-19T14:01:57Z" finished-at="2022-09-19T14:02:03Z">
      <class name="com.TestRunner.TestRunner">
        <test-method status="PASS" signature="setUpClass(org.testng.ITestContext)[pri:0, instance:com.TestRunner.TestRunner@73846619]" name="setUpClass" is-config="true" duration-ms="351" started-at="2022-09-19T19:31:57Z" finished-at="2022-09-19T19:31:57Z">
          <params>
            <param index="0">
              <value>
                <![CDATA[org.testng.TestRunner@7ca0863b]]>
              </value>
            </param>
          </params>
          <reporter-output>
          </reporter-output>
        </test-method> <!-- setUpClass -->
        <test-method status="PASS" signature="runScenario(io.cucumber.testng.PickleWrapper, io.cucumber.testng.FeatureWrapper)[pri:0, instance:com.TestRunner.TestRunner@73846619]" name="runScenario" duration-ms="5950" started-at="2022-09-19T19:31:58Z" description="Runs Cucumber Scenarios" data-provider="scenarios" finished-at="2022-09-19T19:32:03Z">
          <params>
            <param index="0">
              <value>
                <![CDATA["Creating the Post request"]]>
              </value>
            </param>
            <param index="1">
              <value>
                <![CDATA[""This is the sample feature for Rest assured requests""]]>
              </value>
            </param>
          </params>
          <reporter-output>
          </reporter-output>
        </test-method> <!-- runScenario -->
        <test-method status="PASS" signature="tearDownClass()[pri:0, instance:com.TestRunner.TestRunner@73846619]" name="tearDownClass" is-config="true" duration-ms="10" started-at="2022-09-19T19:32:03Z" finished-at="2022-09-19T19:32:03Z">
          <reporter-output>
          </reporter-output>
        </test-method> <!-- tearDownClass -->
      </class> <!-- com.TestRunner.TestRunner -->
    </test> <!-- Default test -->
  </suite> <!-- Default suite -->
</testng-results>
