<?xml version="1.0" encoding="UTF-8"?>
<testng-results ignored="0" total="1" passed="1" failed="0" skipped="0">
  <reporter-output>
  </reporter-output>
  <suite started-at="2022-07-07T20:00:06 IST" name="Default suite" finished-at="2022-07-07T20:00:10 IST" duration-ms="3002">
    <groups>
      <group name="cucumber">
        <method signature="AbstractTestNGCucumberTests.runScenario(io.cucumber.testng.PickleWrapper,io.cucumber.testng.FeatureWrapper)[pri:0, instance:com.TestRunner.TestRunner@53ce1329]" name="runScenario" class="io.cucumber.testng.AbstractTestNGCucumberTests"/>
      </group> <!-- cucumber -->
    </groups>
    <test started-at="2022-07-07T20:00:06 IST" name="Default test" finished-at="2022-07-07T20:00:10 IST" duration-ms="3002">
      <class name="com.TestRunner.TestRunner">
        <test-method is-config="true" signature="setUpClass(org.testng.ITestContext)[pri:0, instance:com.TestRunner.TestRunner@53ce1329]" started-at="2022-07-07T20:00:07 IST" name="setUpClass" finished-at="2022-07-07T20:00:07 IST" duration-ms="302" status="PASS">
          <params>
            <param index="0">
              <value>
                <![CDATA[org.testng.TestRunner@45843650]]>
              </value>
            </param>
          </params>
          <reporter-output>
          </reporter-output>
        </test-method> <!-- setUpClass -->
        <test-method signature="runScenario(io.cucumber.testng.PickleWrapper,io.cucumber.testng.FeatureWrapper)[pri:0, instance:com.TestRunner.TestRunner@53ce1329]" started-at="2022-07-07T20:00:07 IST" name="runScenario" description="Runs Cucumber Scenarios" data-provider="scenarios" finished-at="2022-07-07T20:00:09 IST" duration-ms="2644" status="PASS">
          <params>
            <param index="0">
              <value>
                <![CDATA["Creating the Post request"]]>
              </value>
            </param>
            <param index="1">
              <value>
                <![CDATA[""This is the sample feature for Rest assured requests""]]>
              </value>
            </param>
          </params>
          <reporter-output>
          </reporter-output>
        </test-method> <!-- runScenario -->
        <test-method is-config="true" signature="tearDownClass()[pri:0, instance:com.TestRunner.TestRunner@53ce1329]" started-at="2022-07-07T20:00:09 IST" name="tearDownClass" finished-at="2022-07-07T20:00:09 IST" duration-ms="10" status="PASS">
          <reporter-output>
          </reporter-output>
        </test-method> <!-- tearDownClass -->
      </class> <!-- com.TestRunner.TestRunner -->
    </test> <!-- Default test -->
  </suite> <!-- Default suite -->
</testng-results>
